<?xml version="1.0" encoding="UTF-8"?>
<coverage generated="1772973074782" clover="3.2.0">
  <project timestamp="1772973074782" name="All files">
    <metrics statements="7" coveredstatements="7" conditionals="30" coveredconditionals="30" methods="5" coveredmethods="5" elements="42" coveredelements="42" complexity="0" loc="7" ncloc="7" packages="2" files="5" classes="5"/>
    <package name="components.ui">
      <metrics statements="6" coveredstatements="6" conditionals="30" coveredconditionals="30" methods="4" coveredmethods="4"/>
      <file name="Badge.tsx" path="/Users/abhishek/Dev/Projects/Both/Conduit/console/src/components/ui/Badge.tsx">
        <metrics statements="2" coveredstatements="2" conditionals="14" coveredconditionals="14" methods="1" coveredmethods="1"/>
        <line num="6" count="1" type="stmt"/>
        <line num="25" count="12" type="stmt"/>
      </file>
      <file name="Button.tsx" path="/Users/abhishek/Dev/Projects/Both/Conduit/console/src/components/ui/Button.tsx">
        <metrics statements="2" coveredstatements="2" conditionals="4" coveredconditionals="4" methods="1" coveredmethods="1"/>
        <line num="6" count="1" type="stmt"/>
        <line num="26" count="8" type="stmt"/>
      </file>
      <file name="Card.tsx" path="/Users/abhishek/Dev/Projects/Both/Conduit/console/src/components/ui/Card.tsx">
        <metrics statements="1" coveredstatements="1" conditionals="6" coveredconditionals="6" methods="1" coveredmethods="1"/>
        <line num="16" count="4" type="stmt"/>
      </file>
      <file name="PageHeader.tsx" path="/Users/abhishek/Dev/Projects/Both/Conduit/console/src/components/ui/PageHeader.tsx">
        <metrics statements="1" coveredstatements="1" conditionals="6" coveredconditionals="6" methods="1" coveredmethods="1"/>
        <line num="14" count="4" type="stmt"/>
      </file>
    </package>
    <package name="lib">
      <metrics statements="1" coveredstatements="1" conditionals="0" coveredconditionals="0" methods="1" coveredmethods="1"/>
      <file name="utils.ts" path="/Users/abhishek/Dev/Projects/Both/Conduit/console/src/lib/utils.ts">
        <metrics statements="1" coveredstatements="1" conditionals="0" coveredconditionals="0" methods="1" coveredmethods="1"/>
        <line num="4" count="29" type="stmt"/>
      </file>
    </package>
  </project>
</coverage>
