{"/Users/abhishek/Dev/Projects/Both/Conduit/console/src/components/ui/Badge.tsx": {"path":"/Users/abhishek/Dev/Projects/Both/Conduit/console/src/components/ui/Badge.tsx","statementMap":{"0":{"start":{"line":6,"column":51},"end":{"line":12,"column":null}},"1":{"start":{"line":25,"column":2},"end":{"line":46,"column":null}}},"fnMap":{"0":{"name":"Badge","decl":{"start":{"line":14,"column":16},"end":{"line":14,"column":22}},"loc":{"start":{"line":24,"column":3},"end":{"line":48,"column":null}},"line":24}},"branchMap":{"0":{"loc":{"start":{"line":16,"column":2},"end":{"line":16,"column":null}},"type":"default-arg","locations":[{"start":{"line":16,"column":12},"end":{"line":16,"column":null}}],"line":16},"1":{"loc":{"start":{"line":17,"column":2},"end":{"line":17,"column":null}},"type":"default-arg","locations":[{"start":{"line":17,"column":8},"end":{"line":17,"column":null}}],"line":17},"2":{"loc":{"start":{"line":33,"column":7},"end":{"line":43,"column":null}},"type":"binary-expr","locations":[{"start":{"line":33,"column":7},"end":{"line":33,"column":null}},{"start":{"line":34,"column":8},"end":{"line":43,"column":null}}],"line":33},"3":{"loc":{"start":{"line":37,"column":12},"end":{"line":37,"column":null}},"type":"binary-expr","locations":[{"start":{"line":37,"column":12},"end":{"line":37,"column":37}},{"start":{"line":37,"column":37},"end":{"line":37,"column":null}}],"line":37},"4":{"loc":{"start":{"line":38,"column":12},"end":{"line":38,"column":null}},"type":"binary-expr","locations":[{"start":{"line":38,"column":12},"end":{"line":38,"column":37}},{"start":{"line":38,"column":37},"end":{"line":38,"column":null}}],"line":38},"5":{"loc":{"start":{"line":39,"column":12},"end":{"line":39,"column":null}},"type":"binary-expr","locations":[{"start":{"line":39,"column":12},"end":{"line":39,"column":36}},{"start":{"line":39,"column":36},"end":{"line":39,"column":null}}],"line":39},"6":{"loc":{"start":{"line":40,"column":12},"end":{"line":40,"column":null}},"type":"binary-expr","locations":[{"start":{"line":40,"column":12},"end":{"line":40,"column":34}},{"start":{"line":40,"column":34},"end":{"line":40,"column":null}}],"line":40},"7":{"loc":{"start":{"line":41,"column":12},"end":{"line":41,"column":null}},"type":"binary-expr","locations":[{"start":{"line":41,"column":12},"end":{"line":41,"column":37}},{"start":{"line":41,"column":37},"end":{"line":41,"column":null}}],"line":41}},"s":{"0":1,"1":12},"f":{"0":12},"b":{"0":[12],"1":[12],"2":[12,5],"3":[5,1],"4":[5,1],"5":[5,1],"6":[5,1],"7":[5,1]},"meta":{"lastBranch":8,"lastFunction":1,"lastStatement":2,"seen":{"s:6:51:12:Infinity":0,"f:14:16:14:22":0,"b:16:12:16:Infinity":0,"b:17:8:17:Infinity":1,"s:25:2:46:Infinity":1,"b:33:7:33:Infinity:34:8:43:Infinity":2,"b:37:12:37:37:37:37:37:Infinity":3,"b:38:12:38:37:38:37:38:Infinity":4,"b:39:12:39:36:39:36:39:Infinity":5,"b:40:12:40:34:40:34:40:Infinity":6,"b:41:12:41:37:41:37:41:Infinity":7}}}
,"/Users/abhishek/Dev/Projects/Both/Conduit/console/src/components/ui/Button.tsx": {"path":"/Users/abhishek/Dev/Projects/Both/Conduit/console/src/components/ui/Button.tsx","statementMap":{"0":{"start":{"line":6,"column":53},"end":{"line":12,"column":null}},"1":{"start":{"line":26,"column":2},"end":{"line":38,"column":null}}},"fnMap":{"0":{"name":"Button","decl":{"start":{"line":14,"column":16},"end":{"line":14,"column":23}},"loc":{"start":{"line":25,"column":45},"end":{"line":40,"column":null}},"line":25}},"branchMap":{"0":{"loc":{"start":{"line":16,"column":2},"end":{"line":16,"column":null}},"type":"default-arg","locations":[{"start":{"line":16,"column":12},"end":{"line":16,"column":null}}],"line":16},"1":{"loc":{"start":{"line":17,"column":2},"end":{"line":17,"column":null}},"type":"default-arg","locations":[{"start":{"line":17,"column":9},"end":{"line":17,"column":null}}],"line":17},"2":{"loc":{"start":{"line":31,"column":8},"end":{"line":31,"column":null}},"type":"cond-expr","locations":[{"start":{"line":31,"column":24},"end":{"line":31,"column":54}},{"start":{"line":31,"column":54},"end":{"line":31,"column":null}}],"line":31}},"s":{"0":1,"1":8},"f":{"0":8},"b":{"0":[8],"1":[8],"2":[1,7]},"meta":{"lastBranch":3,"lastFunction":1,"lastStatement":2,"seen":{"s:6:53:12:Infinity":0,"f:14:16:14:23":0,"b:16:12:16:Infinity":0,"b:17:9:17:Infinity":1,"s:26:2:38:Infinity":1,"b:31:24:31:54:31:54:31:Infinity":2}}}
,"/Users/abhishek/Dev/Projects/Both/Conduit/console/src/components/ui/Card.tsx": {"path":"/Users/abhishek/Dev/Projects/Both/Conduit/console/src/components/ui/Card.tsx","statementMap":{"0":{"start":{"line":16,"column":2},"end":{"line":28,"column":null}}},"fnMap":{"0":{"name":"Card","decl":{"start":{"line":4,"column":16},"end":{"line":4,"column":21}},"loc":{"start":{"line":15,"column":42},"end":{"line":30,"column":null}},"line":15}},"branchMap":{"0":{"loc":{"start":{"line":7,"column":2},"end":{"line":7,"column":null}},"type":"default-arg","locations":[{"start":{"line":7,"column":10},"end":{"line":7,"column":null}}],"line":7},"1":{"loc":{"start":{"line":8,"column":2},"end":{"line":8,"column":null}},"type":"default-arg","locations":[{"start":{"line":8,"column":12},"end":{"line":8,"column":null}}],"line":8},"2":{"loc":{"start":{"line":20,"column":8},"end":{"line":20,"column":null}},"type":"binary-expr","locations":[{"start":{"line":20,"column":8},"end":{"line":20,"column":19}},{"start":{"line":20,"column":19},"end":{"line":20,"column":null}}],"line":20},"3":{"loc":{"start":{"line":21,"column":8},"end":{"line":22,"column":null}},"type":"binary-expr","locations":[{"start":{"line":21,"column":8},"end":{"line":21,"column":null}},{"start":{"line":22,"column":10},"end":{"line":22,"column":null}}],"line":21}},"s":{"0":4},"f":{"0":4},"b":{"0":[4],"1":[4],"2":[4,3],"3":[4,1]},"meta":{"lastBranch":4,"lastFunction":1,"lastStatement":1,"seen":{"f:4:16:4:21":0,"b:7:10:7:Infinity":0,"b:8:12:8:Infinity":1,"s:16:2:28:Infinity":0,"b:20:8:20:19:20:19:20:Infinity":2,"b:21:8:21:Infinity:22:10:22:Infinity":3}}}
,"/Users/abhishek/Dev/Projects/Both/Conduit/console/src/components/ui/PageHeader.tsx": {"path":"/Users/abhishek/Dev/Projects/Both/Conduit/console/src/components/ui/PageHeader.tsx","statementMap":{"0":{"start":{"line":14,"column":2},"end":{"line":30,"column":null}}},"fnMap":{"0":{"name":"PageHeader","decl":{"start":{"line":3,"column":16},"end":{"line":3,"column":27}},"loc":{"start":{"line":13,"column":3},"end":{"line":32,"column":null}},"line":13}},"branchMap":{"0":{"loc":{"start":{"line":16,"column":7},"end":{"line":16,"column":null}},"type":"binary-expr","locations":[{"start":{"line":16,"column":7},"end":{"line":16,"column":19}},{"start":{"line":16,"column":19},"end":{"line":16,"column":null}}],"line":16},"1":{"loc":{"start":{"line":22,"column":11},"end":{"line":25,"column":null}},"type":"binary-expr","locations":[{"start":{"line":22,"column":11},"end":{"line":22,"column":null}},{"start":{"line":23,"column":12},"end":{"line":25,"column":null}}],"line":22},"2":{"loc":{"start":{"line":28,"column":9},"end":{"line":28,"column":null}},"type":"binary-expr","locations":[{"start":{"line":28,"column":9},"end":{"line":28,"column":20}},{"start":{"line":28,"column":20},"end":{"line":28,"column":null}}],"line":28}},"s":{"0":4},"f":{"0":4},"b":{"0":[4,1],"1":[4,1],"2":[4,1]},"meta":{"lastBranch":3,"lastFunction":1,"lastStatement":1,"seen":{"f:3:16:3:27":0,"s:14:2:30:Infinity":0,"b:16:7:16:19:16:19:16:Infinity":0,"b:22:11:22:Infinity:23:12:25:Infinity":1,"b:28:9:28:20:28:20:28:Infinity":2}}}
,"/Users/abhishek/Dev/Projects/Both/Conduit/console/src/lib/utils.ts": {"path":"/Users/abhishek/Dev/Projects/Both/Conduit/console/src/lib/utils.ts","statementMap":{"0":{"start":{"line":4,"column":2},"end":{"line":4,"column":null}}},"fnMap":{"0":{"name":"cn","decl":{"start":{"line":3,"column":16},"end":{"line":3,"column":22}},"loc":{"start":{"line":3,"column":44},"end":{"line":5,"column":null}},"line":3}},"branchMap":{},"s":{"0":29},"f":{"0":29},"b":{},"meta":{"lastBranch":0,"lastFunction":1,"lastStatement":1,"seen":{"f:3:16:3:22":0,"s:4:2:4:Infinity":0}}}
}
